<?xml version="1.0" encoding="UTF-8"?>
<!-- Generated by org.testng.reporters.JUnitXMLReporter -->
<testsuite ignored="0" hostname="IT-PC" failures="1" tests="2" name="Test" time="7.515" errors="0" timestamp="08 Aug 2019 19:07:14 GMT">
  <testcase classname="listenersDemo.TestcaseOne" name="GoogleTitleVerify" time="7.483"/>
  <testcase classname="listenersDemo.TestcaseOne" name="TitleMatch" time="0.0">
    <failure type="java.lang.AssertionError" message="expected [true] but found [false]">
      <![CDATA[java.lang.AssertionError: expected [true] but found [false]
at listenersDemo.TestcaseOne.TitleMatch(TestcaseOne.java:27)
... Removed 29 stack frames]]>
    </failure>
  </testcase> <!-- TitleMatch -->
</testsuite> <!-- Test -->
