<?xml version="1.0" encoding="UTF-8"?>
<!-- Generated by org.testng.reporters.JUnitXMLReporter -->
<testsuite ignored="0" hostname="IT-PC" failures="0" tests="3" name="Default test" time="0.031" errors="0" timestamp="10 Aug 2019 00:21:29 GMT">
  <testcase classname="testNG.FirstTestNGClass" name="loginAppl" time="0.0"/>
  <testcase classname="testNG.FirstTestNGClass" name="loginApplmid" time="0.0"/>
  <testcase classname="testNG.FirstTestNGClass" name="loginApplend" time="0.0"/>
</testsuite> <!-- Default test -->
